Arguments: 
  C:\Program Files\nodejs\node.exe C:\Program Files (x86)\Yarn\bin\yarn.js add moongose

PATH: 
  C:\Program Files (x86)\Razer Chroma SDK\bin;C:\Program Files\Razer Chroma SDK\bin;C:\Program Files (x86)\Razer\ChromaBroadcast\bin;C:\Program Files\Razer\ChromaBroadcast\bin;C:\Program Files\NVIDIA GPU Computing Toolkit\CUDA\v10.0\bin;C:\Program Files\NVIDIA GPU Computing Toolkit\CUDA\v10.0\libnvvp;C:\Program Files (x86)\Common Files\Oracle\Java\javapath;C:\WINDOWS\system32;C:\WINDOWS;C:\WINDOWS\System32\Wbem;C:\WINDOWS\System32\WindowsPowerShell\v1.0\;C:\WINDOWS\System32\OpenSSH\;C:\Program Files\Java\jdk1.8.0_221\bin;C:\Program Files\PuTTY\;C:\Program Files\MariaDB 10.3\bin;C:\Program Files (x86)\NVIDIA Corporation\PhysX\Common;C:\Program Files\NVIDIA Corporation\NVIDIA NvDLISR;C:\Program Files\Git\cmd;C:\Users\anscr\AppData\Local\Android\Sdk\platform-tools;C:\Program Files (x86)\Yarn\bin\;C:\WINDOWS\system32\config\systemprofile\AppData\Local\Microsoft\WindowsApps;C:\Program Files\nodejs\;C:\WINDOWS\system32;C:\WINDOWS;C:\WINDOWS\System32\Wbem;C:\WINDOWS\System32\WindowsPowerShell\v1.0\;C:\WINDOWS\System32\OpenSSH\;C:\Program Files\flutter\bin;C:\Scoop\shims;C:\Users\anscr\AppData\Local\Programs\Python\Python37\Scripts\;C:\Users\anscr\AppData\Local\Programs\Python\Python37\;C:\Users\anscr\AppData\Local\Microsoft\WindowsApps;;C:\Users\anscr\AppData\Local\Programs\Microsoft VS Code\bin;C:\Users\anscr\AppData\Local\Yarn\bin;C:\Users\anscr\AppData\Roaming\npm

Yarn version: 
  1.22.4

Node version: 
  12.18.2

Platform: 
  win32 x64

Trace: 
  Error: https://registry.yarnpkg.com/moongose: Not found
      at Request.params.callback [as _callback] (C:\Program Files (x86)\Yarn\lib\cli.js:66096:18)
      at Request.self.callback (C:\Program Files (x86)\Yarn\lib\cli.js:140748:22)
      at Request.emit (events.js:315:20)
      at Request.<anonymous> (C:\Program Files (x86)\Yarn\lib\cli.js:141720:10)
      at Request.emit (events.js:315:20)
      at IncomingMessage.<anonymous> (C:\Program Files (x86)\Yarn\lib\cli.js:141642:12)
      at Object.onceWrapper (events.js:421:28)
      at IncomingMessage.emit (events.js:327:22)
      at endReadableNT (_stream_readable.js:1221:12)
      at processTicksAndRejections (internal/process/task_queues.js:84:21)

npm manifest: 
  {
    "name": "back",
    "version": "1.0.0",
    "main": "index.js",
    "license": "MIT",
    "dependencies": {
      "koa": "^2.13.1",
      "ts-node": "^9.1.1",
      "typescript": "^4.1.5"
    }
  }

yarn manifest: 
  No manifest

Lockfile: 
  # THIS IS AN AUTOGENERATED FILE. DO NOT EDIT THIS FILE DIRECTLY.
  # yarn lockfile v1
  
  
  "accepts@^1.3.5":
    "integrity" "sha512-Il80Qs2WjYlJIBNzNkK6KYqlVMTbZLXgHx2oT0pU/fjRHyEp+PEfEPY0R3WCwAGVOtauxh1hOxNgIf5bv7dQpA=="
    "resolved" "https://registry.yarnpkg.com/accepts/-/accepts-1.3.7.tgz"
    "version" "1.3.7"
    dependencies:
      "mime-types" "~2.1.24"
      "negotiator" "0.6.2"
  
  "any-promise@^1.1.0":
    "integrity" "sha1-q8av7tzqUugJzcA3au0845Y10X8="
    "resolved" "https://registry.yarnpkg.com/any-promise/-/any-promise-1.3.0.tgz"
    "version" "1.3.0"
  
  "arg@^4.1.0":
    "integrity" "sha512-58S9QDqG0Xx27YwPSt9fJxivjYl432YCwfDMfZ+71RAqUrZef7LrKQZ3LHLOwCS4FLNBplP533Zx895SeOCHvA=="
    "resolved" "https://registry.npmjs.org/arg/-/arg-4.1.3.tgz"
    "version" "4.1.3"
  
  "buffer-from@^1.0.0":
    "integrity" "sha512-MQcXEUbCKtEo7bhqEs6560Hyd4XaovZlO/k9V3hjVUF/zwW7KBVdSK4gIt/bzwS9MbR5qob+F5jusZsb0YQK2A=="
    "resolved" "https://registry.npmjs.org/buffer-from/-/buffer-from-1.1.1.tgz"
    "version" "1.1.1"
  
  "cache-content-type@^1.0.0":
    "integrity" "sha512-IKufZ1o4Ut42YUrZSo8+qnMTrFuKkvyoLXUywKz9GJ5BrhOFGhLdkx9sG4KAnVvbY6kEcSFjLQul+DVmBm2bgA=="
    "resolved" "https://registry.yarnpkg.com/cache-content-type/-/cache-content-type-1.0.1.tgz"
    "version" "1.0.1"
    dependencies:
      "mime-types" "^2.1.18"
      "ylru" "^1.2.0"
  
  "co@^4.6.0":
    "integrity" "sha1-bqa989hTrlTMuOR7+gvz+QMfsYQ="
    "resolved" "https://registry.yarnpkg.com/co/-/co-4.6.0.tgz"
    "version" "4.6.0"
  
  "content-disposition@~0.5.2":
    "integrity" "sha512-ExO0774ikEObIAEV9kDo50o+79VCUdEB6n6lzKgGwupcVeRlhrj3qGAfwq8G6uBJjkqLrhT0qEYFcWng8z1z0g=="
    "resolved" "https://registry.yarnpkg.com/content-disposition/-/content-disposition-0.5.3.tgz"
    "version" "0.5.3"
    dependencies:
      "safe-buffer" "5.1.2"
  
  "content-type@^1.0.4":
    "integrity" "sha512-hIP3EEPs8tB9AT1L+NUqtwOAps4mk2Zob89MWXMHjHWg9milF/j4osnnQLXBCBFBk/tvIG/tUc9mOUJiPBhPXA=="
    "resolved" "https://registry.yarnpkg.com/content-type/-/content-type-1.0.4.tgz"
    "version" "1.0.4"
  
  "cookies@~0.8.0":
    "integrity" "sha512-8aPsApQfebXnuI+537McwYsDtjVxGm8gTIzQI3FDW6t5t/DAhERxtnbEPN/8RX+uZthoz4eCOgloXaE5cYyNow=="
    "resolved" "https://registry.yarnpkg.com/cookies/-/cookies-0.8.0.tgz"
    "version" "0.8.0"
    dependencies:
      "depd" "~2.0.0"
      "keygrip" "~1.1.0"
  
  "create-require@^1.1.0":
    "integrity" "sha512-dcKFX3jn0MpIaXjisoRvexIJVEKzaq7z2rZKxf+MSr9TkdmHmsU4m2lcLojrj/FHl8mk5VxMmYA+ftRkP/3oKQ=="
    "resolved" "https://registry.npmjs.org/create-require/-/create-require-1.1.1.tgz"
    "version" "1.1.1"
  
  "debug@~3.1.0":
    "integrity" "sha512-OX8XqP7/1a9cqkxYw2yXss15f26NKWBpDXQd0/uK/KPqdQhxbPa994hnzjcE2VqQpDslf55723cKPUOGSmMY3g=="
    "resolved" "https://registry.yarnpkg.com/debug/-/debug-3.1.0.tgz"
    "version" "3.1.0"
    dependencies:
      "ms" "2.0.0"
  
  "deep-equal@~1.0.1":
    "integrity" "sha1-9dJgKStmDghO/0zbyfCK0yR0SLU="
    "resolved" "https://registry.yarnpkg.com/deep-equal/-/deep-equal-1.0.1.tgz"
    "version" "1.0.1"
  
  "delegates@^1.0.0":
    "integrity" "sha1-hMbhWbgZBP3KWaDvRM2HDTElD5o="
    "resolved" "https://registry.yarnpkg.com/delegates/-/delegates-1.0.0.tgz"
    "version" "1.0.0"
  
  "depd@^2.0.0":
    "integrity" "sha512-g7nH6P6dyDioJogAAGprGpCtVImJhpPk/roCzdb3fIh61/s/nPsfR6onyMwkCAR/OlC3yBC0lESvUoQEAssIrw=="
    "resolved" "https://registry.yarnpkg.com/depd/-/depd-2.0.0.tgz"
    "version" "2.0.0"
  
  "depd@~1.1.2":
    "integrity" "sha1-m81S4UwJd2PnSbJ0xDRu0uVgtak="
    "resolved" "https://registry.yarnpkg.com/depd/-/depd-1.1.2.tgz"
    "version" "1.1.2"
  
  "depd@~2.0.0":
    "integrity" "sha512-g7nH6P6dyDioJogAAGprGpCtVImJhpPk/roCzdb3fIh61/s/nPsfR6onyMwkCAR/OlC3yBC0lESvUoQEAssIrw=="
    "resolved" "https://registry.yarnpkg.com/depd/-/depd-2.0.0.tgz"
    "version" "2.0.0"
  
  "destroy@^1.0.4":
    "integrity" "sha1-l4hXRCxEdJ5CBmE+N5RiBYJqvYA="
    "resolved" "https://registry.yarnpkg.com/destroy/-/destroy-1.0.4.tgz"
    "version" "1.0.4"
  
  "diff@^4.0.1":
    "integrity" "sha512-58lmxKSA4BNyLz+HHMUzlOEpg09FV+ev6ZMe3vJihgdxzgcwZ8VoEEPmALCZG9LmqfVoNMMKpttIYTVG6uDY7A=="
    "resolved" "https://registry.npmjs.org/diff/-/diff-4.0.2.tgz"
    "version" "4.0.2"
  
  "ee-first@1.1.1":
    "integrity" "sha1-WQxhFWsK4vTwJVcyoViyZrxWsh0="
    "resolved" "https://registry.yarnpkg.com/ee-first/-/ee-first-1.1.1.tgz"
    "version" "1.1.1"
  
  "encodeurl@^1.0.2":
    "integrity" "sha1-rT/0yG7C0CkyL1oCw6mmBslbP1k="
    "resolved" "https://registry.yarnpkg.com/encodeurl/-/encodeurl-1.0.2.tgz"
    "version" "1.0.2"
  
  "escape-html@^1.0.3":
    "integrity" "sha1-Aljq5NPQwJdN4cFpGI7wBR0dGYg="
    "resolved" "https://registry.yarnpkg.com/escape-html/-/escape-html-1.0.3.tgz"
    "version" "1.0.3"
  
  "fresh@~0.5.2":
    "integrity" "sha1-PYyt2Q2XZWn6g1qx+OSyOhBWBac="
    "resolved" "https://registry.yarnpkg.com/fresh/-/fresh-0.5.2.tgz"
    "version" "0.5.2"
  
  "http-assert@^1.3.0":
    "integrity" "sha512-rdw7q6GTlibqVVbXr0CKelfV5iY8G2HqEUkhSk297BMbSpSL8crXC+9rjKoMcZZEsksX30le6f/4ul4E28gegw=="
    "resolved" "https://registry.yarnpkg.com/http-assert/-/http-assert-1.4.1.tgz"
    "version" "1.4.1"
    dependencies:
      "deep-equal" "~1.0.1"
      "http-errors" "~1.7.2"
  
  "http-errors@^1.6.3":
    "integrity" "sha512-4I8r0C5JDhT5VkvI47QktDW75rNlGVsUf/8hzjCC/wkWI/jdTRmBb9aI7erSG82r1bjKY3F6k28WnsVxB1C73A=="
    "resolved" "https://registry.yarnpkg.com/http-errors/-/http-errors-1.8.0.tgz"
    "version" "1.8.0"
    dependencies:
      "depd" "~1.1.2"
      "inherits" "2.0.4"
      "setprototypeof" "1.2.0"
      "statuses" ">= 1.5.0 < 2"
      "toidentifier" "1.0.0"
  
  "http-errors@~1.7.2":
    "integrity" "sha512-ZTTX0MWrsQ2ZAhA1cejAwDLycFsd7I7nVtnkT3Ol0aqodaKW+0CTZDQ1uBv5whptCnc8e8HeRRJxRs0kmm/Qfw=="
    "resolved" "https://registry.yarnpkg.com/http-errors/-/http-errors-1.7.3.tgz"
    "version" "1.7.3"
    dependencies:
      "depd" "~1.1.2"
      "inherits" "2.0.4"
      "setprototypeof" "1.1.1"
      "statuses" ">= 1.5.0 < 2"
      "toidentifier" "1.0.0"
  
  "inherits@2.0.4":
    "integrity" "sha512-k/vGaX4/Yla3WzyMCvTQOXYeIHvqOKtnqBduzTHpzpQZzAskKMhZ2K+EnBiSM9zGSoIFeMpXKxa4dYeZIQqewQ=="
    "resolved" "https://registry.yarnpkg.com/inherits/-/inherits-2.0.4.tgz"
    "version" "2.0.4"
  
  "is-generator-function@^1.0.7":
    "integrity" "sha512-2Omr/twNtufVZFr1GhxjOMFPAj2sjc/dKaIqBhvo4qciXfJmITGH6ZGd8eZYNHza8t1y0e01AuqRhJwfWp26WQ=="
    "resolved" "https://registry.yarnpkg.com/is-generator-function/-/is-generator-function-1.0.8.tgz"
    "version" "1.0.8"
  
  "keygrip@~1.1.0":
    "integrity" "sha512-iYSchDJ+liQ8iwbSI2QqsQOvqv58eJCEanyJPJi+Khyu8smkcKSFUCbPwzFcL7YVtZ6eONjqRX/38caJ7QjRAQ=="
    "resolved" "https://registry.yarnpkg.com/keygrip/-/keygrip-1.1.0.tgz"
    "version" "1.1.0"
    dependencies:
      "tsscmp" "1.0.6"
  
  "koa-compose@^3.0.0":
    "integrity" "sha1-qFzLQLfZhtjlo0Wzoazo6rz1Tec="
    "resolved" "https://registry.yarnpkg.com/koa-compose/-/koa-compose-3.2.1.tgz"
    "version" "3.2.1"
    dependencies:
      "any-promise" "^1.1.0"
  
  "koa-compose@^4.1.0":
    "integrity" "sha512-8ODW8TrDuMYvXRwra/Kh7/rJo9BtOfPc6qO8eAfC80CnCvSjSl0bkRM24X6/XBBEyj0v1nRUQ1LyOy3dbqOWXw=="
    "resolved" "https://registry.yarnpkg.com/koa-compose/-/koa-compose-4.1.0.tgz"
    "version" "4.1.0"
  
  "koa-convert@^1.2.0":
    "integrity" "sha1-2kCHXfSd4FOQmNFwC1CCDOvNIdA="
    "resolved" "https://registry.yarnpkg.com/koa-convert/-/koa-convert-1.2.0.tgz"
    "version" "1.2.0"
    dependencies:
      "co" "^4.6.0"
      "koa-compose" "^3.0.0"
  
  "koa@^2.13.1":
    "integrity" "sha512-Lb2Dloc72auj5vK4X4qqL7B5jyDPQaZucc9sR/71byg7ryoD1NCaCm63CShk9ID9quQvDEi1bGR/iGjCG7As3w=="
    "resolved" "https://registry.yarnpkg.com/koa/-/koa-2.13.1.tgz"
    "version" "2.13.1"
    dependencies:
      "accepts" "^1.3.5"
      "cache-content-type" "^1.0.0"
      "content-disposition" "~0.5.2"
      "content-type" "^1.0.4"
      "cookies" "~0.8.0"
      "debug" "~3.1.0"
      "delegates" "^1.0.0"
      "depd" "^2.0.0"
      "destroy" "^1.0.4"
      "encodeurl" "^1.0.2"
      "escape-html" "^1.0.3"
      "fresh" "~0.5.2"
      "http-assert" "^1.3.0"
      "http-errors" "^1.6.3"
      "is-generator-function" "^1.0.7"
      "koa-compose" "^4.1.0"
      "koa-convert" "^1.2.0"
      "on-finished" "^2.3.0"
      "only" "~0.0.2"
      "parseurl" "^1.3.2"
      "statuses" "^1.5.0"
      "type-is" "^1.6.16"
      "vary" "^1.1.2"
  
  "make-error@^1.1.1":
    "integrity" "sha512-s8UhlNe7vPKomQhC1qFelMokr/Sc3AgNbso3n74mVPA5LTZwkB9NlXf4XPamLxJE8h0gh73rM94xvwRT2CVInw=="
    "resolved" "https://registry.npmjs.org/make-error/-/make-error-1.3.6.tgz"
    "version" "1.3.6"
  
  "media-typer@0.3.0":
    "integrity" "sha1-hxDXrwqmJvj/+hzgAWhUUmMlV0g="
    "resolved" "https://registry.yarnpkg.com/media-typer/-/media-typer-0.3.0.tgz"
    "version" "0.3.0"
  
  "mime-db@1.45.0":
    "integrity" "sha512-CkqLUxUk15hofLoLyljJSrukZi8mAtgd+yE5uO4tqRZsdsAJKv0O+rFMhVDRJgozy+yG6md5KwuXhD4ocIoP+w=="
    "resolved" "https://registry.yarnpkg.com/mime-db/-/mime-db-1.45.0.tgz"
    "version" "1.45.0"
  
  "mime-types@^2.1.18", "mime-types@~2.1.24":
    "integrity" "sha512-0TO2yJ5YHYr7M2zzT7gDU1tbwHxEUWBCLt0lscSNpcdAfFyJOVEpRYNS7EXVcTLNj/25QO8gulHC5JtTzSE2UQ=="
    "resolved" "https://registry.yarnpkg.com/mime-types/-/mime-types-2.1.28.tgz"
    "version" "2.1.28"
    dependencies:
      "mime-db" "1.45.0"
  
  "ms@2.0.0":
    "integrity" "sha1-VgiurfwAvmwpAd9fmGF4jeDVl8g="
    "resolved" "https://registry.yarnpkg.com/ms/-/ms-2.0.0.tgz"
    "version" "2.0.0"
  
  "negotiator@0.6.2":
    "integrity" "sha512-hZXc7K2e+PgeI1eDBe/10Ard4ekbfrrqG8Ep+8Jmf4JID2bNg7NvCPOZN+kfF574pFQI7mum2AUqDidoKqcTOw=="
    "resolved" "https://registry.yarnpkg.com/negotiator/-/negotiator-0.6.2.tgz"
    "version" "0.6.2"
  
  "on-finished@^2.3.0":
    "integrity" "sha1-IPEzZIGwg811M3mSoWlxqi2QaUc="
    "resolved" "https://registry.yarnpkg.com/on-finished/-/on-finished-2.3.0.tgz"
    "version" "2.3.0"
    dependencies:
      "ee-first" "1.1.1"
  
  "only@~0.0.2":
    "integrity" "sha1-Kv3oTQPlC5qO3EROMGEKcCle37Q="
    "resolved" "https://registry.yarnpkg.com/only/-/only-0.0.2.tgz"
    "version" "0.0.2"
  
  "parseurl@^1.3.2":
    "integrity" "sha512-CiyeOxFT/JZyN5m0z9PfXw4SCBJ6Sygz1Dpl0wqjlhDEGGBP1GnsUVEL0p63hoG1fcj3fHynXi9NYO4nWOL+qQ=="
    "resolved" "https://registry.yarnpkg.com/parseurl/-/parseurl-1.3.3.tgz"
    "version" "1.3.3"
  
  "safe-buffer@5.1.2":
    "integrity" "sha512-Gd2UZBJDkXlY7GbJxfsE8/nvKkUEU1G38c1siN6QP6a9PT9MmHB8GnpscSmMJSoF8LOIrt8ud/wPtojys4G6+g=="
    "resolved" "https://registry.yarnpkg.com/safe-buffer/-/safe-buffer-5.1.2.tgz"
    "version" "5.1.2"
  
  "setprototypeof@1.1.1":
    "integrity" "sha512-JvdAWfbXeIGaZ9cILp38HntZSFSo3mWg6xGcJJsd+d4aRMOqauag1C63dJfDw7OaMYwEbHMOxEZ1lqVRYP2OAw=="
    "resolved" "https://registry.yarnpkg.com/setprototypeof/-/setprototypeof-1.1.1.tgz"
    "version" "1.1.1"
  
  "setprototypeof@1.2.0":
    "integrity" "sha512-E5LDX7Wrp85Kil5bhZv46j8jOeboKq5JMmYM3gVGdGH8xFpPWXUMsNrlODCrkoxMEeNi/XZIwuRvY4XNwYMJpw=="
    "resolved" "https://registry.yarnpkg.com/setprototypeof/-/setprototypeof-1.2.0.tgz"
    "version" "1.2.0"
  
  "source-map-support@^0.5.17":
    "integrity" "sha512-Wonm7zOCIJzBGQdB+thsPar0kYuCIzYvxZwlBa87yi/Mdjv7Tip2cyVbLj5o0cFPN4EVkuTwb3GDDyUx2DGnGw=="
    "resolved" "https://registry.npmjs.org/source-map-support/-/source-map-support-0.5.19.tgz"
    "version" "0.5.19"
    dependencies:
      "buffer-from" "^1.0.0"
      "source-map" "^0.6.0"
  
  "source-map@^0.6.0":
    "integrity" "sha512-UjgapumWlbMhkBgzT7Ykc5YXUT46F0iKu8SGXq0bcwP5dz/h0Plj6enJqjz1Zbq2l5WaqYnrVbwWOWMyF3F47g=="
    "resolved" "https://registry.npmjs.org/source-map/-/source-map-0.6.1.tgz"
    "version" "0.6.1"
  
  "statuses@^1.5.0", "statuses@>= 1.5.0 < 2":
    "integrity" "sha1-Fhx9rBd2Wf2YEfQ3cfqZOBR4Yow="
    "resolved" "https://registry.yarnpkg.com/statuses/-/statuses-1.5.0.tgz"
    "version" "1.5.0"
  
  "toidentifier@1.0.0":
    "integrity" "sha512-yaOH/Pk/VEhBWWTlhI+qXxDFXlejDGcQipMlyxda9nthulaxLZUNcUqFxokp0vcYnvteJln5FNQDRrxj3YcbVw=="
    "resolved" "https://registry.yarnpkg.com/toidentifier/-/toidentifier-1.0.0.tgz"
    "version" "1.0.0"
  
  "ts-node@^9.1.1":
    "integrity" "sha512-hPlt7ZACERQGf03M253ytLY3dHbGNGrAq9qIHWUY9XHYl1z7wYngSr3OQ5xmui8o2AaxsONxIzjafLUiWBo1Fg=="
    "resolved" "https://registry.npmjs.org/ts-node/-/ts-node-9.1.1.tgz"
    "version" "9.1.1"
    dependencies:
      "arg" "^4.1.0"
      "create-require" "^1.1.0"
      "diff" "^4.0.1"
      "make-error" "^1.1.1"
      "source-map-support" "^0.5.17"
      "yn" "3.1.1"
  
  "tsscmp@1.0.6":
    "integrity" "sha512-LxhtAkPDTkVCMQjt2h6eBVY28KCjikZqZfMcC15YBeNjkgUpdCfBu5HoiOTDu86v6smE8yOjyEktJ8hlbANHQA=="
    "resolved" "https://registry.yarnpkg.com/tsscmp/-/tsscmp-1.0.6.tgz"
    "version" "1.0.6"
  
  "type-is@^1.6.16":
    "integrity" "sha512-TkRKr9sUTxEH8MdfuCSP7VizJyzRNMjj2J2do2Jr3Kym598JVdEksuzPQCnlFPW4ky9Q+iA+ma9BGm06XQBy8g=="
    "resolved" "https://registry.yarnpkg.com/type-is/-/type-is-1.6.18.tgz"
    "version" "1.6.18"
    dependencies:
      "media-typer" "0.3.0"
      "mime-types" "~2.1.24"
  
  "typescript@^4.1.5", "typescript@>=2.7":
    "integrity" "sha512-6OSu9PTIzmn9TCDiovULTnET6BgXtDYL4Gg4szY+cGsc3JP1dQL8qvE8kShTRx1NIw4Q9IBHlwODjkjWEtMUyA=="
    "resolved" "https://registry.npmjs.org/typescript/-/typescript-4.1.5.tgz"
    "version" "4.1.5"
  
  "vary@^1.1.2":
    "integrity" "sha1-IpnwLG3tMNSllhsLn3RSShj2NPw="
    "resolved" "https://registry.yarnpkg.com/vary/-/vary-1.1.2.tgz"
    "version" "1.1.2"
  
  "ylru@^1.2.0":
    "integrity" "sha512-faQrqNMzcPCHGVC2aaOINk13K+aaBDUPjGWl0teOXywElLjyVAB6Oe2jj62jHYtwsU49jXhScYbvPENK+6zAvQ=="
    "resolved" "https://registry.yarnpkg.com/ylru/-/ylru-1.2.1.tgz"
    "version" "1.2.1"
  
  "yn@3.1.1":
    "integrity" "sha512-Ux4ygGWsu2c7isFWe8Yu1YluJmqVhxqK2cLXNQA5AcC3QfbGNpM7fu0Y8b/z16pXLnFxZYvWhd3fhBY9DLmC6Q=="
    "resolved" "https://registry.npmjs.org/yn/-/yn-3.1.1.tgz"
    "version" "3.1.1"
